  DopZ3.cpp
C:\Users\user\source\repos\DopZ3\DopZ3\DopZ3.cpp(151,28): warning C4477: "printf": в строке форматирования "%d" требуется аргумент типа "int", но вариативный аргумент "1" имеет тип "_Rep"
C:\Users\user\source\repos\DopZ3\DopZ3\DopZ3.cpp(151,28): warning C4477:         with
C:\Users\user\source\repos\DopZ3\DopZ3\DopZ3.cpp(151,28): warning C4477:         [
C:\Users\user\source\repos\DopZ3\DopZ3\DopZ3.cpp(151,28): warning C4477:             _Rep=__int64
C:\Users\user\source\repos\DopZ3\DopZ3\DopZ3.cpp(151,28): warning C4477:         ]
      C:\Users\user\source\repos\DopZ3\DopZ3\DopZ3.cpp(151,28):
      рекомендуется использовать "%lld" в строке форматирования
      C:\Users\user\source\repos\DopZ3\DopZ3\DopZ3.cpp(151,28):
      рекомендуется использовать "%Id" в строке форматирования
      C:\Users\user\source\repos\DopZ3\DopZ3\DopZ3.cpp(151,28):
      рекомендуется использовать "%I64d" в строке форматирования
  
C:\Users\user\source\repos\DopZ3\DopZ3\DopZ3.cpp(163,28): warning C4477: "printf": в строке форматирования "%d" требуется аргумент типа "int", но вариативный аргумент "1" имеет тип "_Rep"
C:\Users\user\source\repos\DopZ3\DopZ3\DopZ3.cpp(163,28): warning C4477:         with
C:\Users\user\source\repos\DopZ3\DopZ3\DopZ3.cpp(163,28): warning C4477:         [
C:\Users\user\source\repos\DopZ3\DopZ3\DopZ3.cpp(163,28): warning C4477:             _Rep=__int64
C:\Users\user\source\repos\DopZ3\DopZ3\DopZ3.cpp(163,28): warning C4477:         ]
      C:\Users\user\source\repos\DopZ3\DopZ3\DopZ3.cpp(163,28):
      рекомендуется использовать "%lld" в строке форматирования
      C:\Users\user\source\repos\DopZ3\DopZ3\DopZ3.cpp(163,28):
      рекомендуется использовать "%Id" в строке форматирования
      C:\Users\user\source\repos\DopZ3\DopZ3\DopZ3.cpp(163,28):
      рекомендуется использовать "%I64d" в строке форматирования
  
  DopZ3.vcxproj -> C:\Users\user\source\repos\DopZ3\x64\Debug\DopZ3.exe
